<?xml version="1.0" encoding="UTF-8"?>
<testsuite xmlns:xsi="http://www.w3.org/2001/XMLSchema-instance" xsi:noNamespaceSchemaLocation="https://maven.apache.org/surefire/maven-surefire-plugin/xsd/surefire-test-report-3.0.xsd" version="3.0" name="TestSuite" time="1.265" tests="5" errors="0" skipped="3" failures="2">
  <properties>
[...]
</properties>
  <testcase name="setUp[true, browserStack, windows, 10, Chrome, 95.0, https://www.amazon.com](0)" classname="homepagetest.HomePageTest" time="1.165">
    <failure message="Invalid username or password (WARNING: The server did not provide any stacktrace information)&#10;Command duration or timeout: 536 milliseconds&#10;Build info: version: &apos;3.141.59&apos;, revision: &apos;e82be7d358&apos;, time: &apos;2018-11-14T08:17:03&apos;&#10;System info: host: &apos;DESKTOP-SN8KLM3&apos;, ip: &apos;192.168.1.166&apos;, os.name: &apos;Windows 10&apos;, os.arch: &apos;amd64&apos;, os.version: &apos;10.0&apos;, java.version: &apos;17&apos;&#10;Driver info: driver.version: RemoteWebDriver" type="org.openqa.selenium.WebDriverException"><![CDATA[org.openqa.selenium.WebDriverException: 
Invalid username or password (WARNING: The server did not provide any stacktrace information)
Command duration or timeout: 536 milliseconds
Build info: version: '3.141.59', revision: 'e82be7d358', time: '2018-11-14T08:17:03'
System info: host: 'DESKTOP-SN8KLM3', ip: '192.168.1.166', os.name: 'Windows 10', os.arch: 'amd64', os.version: '10.0', java.version: '17'
Driver info: driver.version: RemoteWebDriver
]]></failure>
    <system-out><![CDATA[Extent Report DirectoryC:\Users\mrshi\IdeaProjects\WebAutomation_FirstFrameWork\Amazon\target\surefire-reports\html
]]></system-out>
    <system-err><![CDATA[Nov 17, 2021 9:50:03 PM com.relevantcodes.extentreports.ExtentReports loadConfig
WARNING: Unable to perform report configuration. The file C:\Users\mrshi\IdeaProjects\WebAutomation_FirstFrameWork\Amazon\null\report-config.xml was not found.
]]></system-err>
  </testcase>
  <testcase name="startExtent" classname="homepagetest.HomePageTest" time="0">
    <skipped/>
  </testcase>
  <testcase name="getInit" classname="homepagetest.HomePageTest" time="0">
    <skipped/>
  </testcase>
  <testcase name="testSearchBox" classname="homepagetest.HomePageTest" time="0">
    <skipped message="Invalid username or password (WARNING: The server did not provide any stacktrace information)&#10;Command duration or timeout: 536 milliseconds&#10;Build info: version: &apos;3.141.59&apos;, revision: &apos;e82be7d358&apos;, time: &apos;2018-11-14T08:17:03&apos;&#10;System info: host: &apos;DESKTOP-SN8KLM3&apos;, ip: &apos;192.168.1.166&apos;, os.name: &apos;Windows 10&apos;, os.arch: &apos;amd64&apos;, os.version: &apos;10.0&apos;, java.version: &apos;17&apos;&#10;Driver info: driver.version: RemoteWebDriver"/>
  </testcase>
  <testcase name="cleanUp" classname="homepagetest.HomePageTest" time="0.001">
    <failure message="Cannot invoke &quot;org.openqa.selenium.WebDriver.quit()&quot; because &quot;common.WebAPI.driver&quot; is null" type="java.lang.NullPointerException"><![CDATA[java.lang.NullPointerException: Cannot invoke "org.openqa.selenium.WebDriver.quit()" because "common.WebAPI.driver" is null
]]></failure>
  </testcase>
</testsuite>